<?xml version="1.0" encoding="UTF-8"?>
<!-- Generated by org.testng.reporters.JUnitReportReporter -->
<testsuite hostname="Amits-MacBook-Pro.local" failures="0" tests="2" name="com.swaglabs.qa.tests.LogInPageTest" time="0.337" errors="0" timestamp="2022-05-25T14:13:30 CDT" skipped="0">
  <testcase classname="com.swaglabs.qa.tests.LogInPageTest" name="validateLogIn" time="0.306"/>
  <system-out/>
  <testcase classname="com.swaglabs.qa.tests.LogInPageTest" name="validateTitleOfPage" time="0.031"/>
  <system-out/>
</testsuite> <!-- com.swaglabs.qa.tests.LogInPageTest -->
