<?xml version="1.0" encoding="UTF-8"?>
<!-- Generated by org.testng.reporters.JUnitReportReporter -->
<testsuite hostname="Amits-MacBook-Pro.local" failures="0" tests="1" name="com.swaglabs.qa.tests.LogOutPageTest" time="0.992" errors="0" timestamp="2022-05-25T14:19:40 CDT" skipped="0">
  <testcase classname="com.swaglabs.qa.tests.LogOutPageTest" name="validateLogOut" time="0.992"/>
  <system-out/>
</testsuite> <!-- com.swaglabs.qa.tests.LogOutPageTest -->
