<?xml version="1.0" encoding="UTF-8"?>
<!-- Generated by org.testng.reporters.JUnitReportReporter -->
<testsuite hostname="Amits-MacBook-Pro.local" failures="0" tests="1" name="com.swaglabs.qa.tests.ProductsPageTest" time="0.044" errors="0" timestamp="2022-05-25T14:13:30 CDT" skipped="0">
  <testcase classname="com.swaglabs.qa.tests.ProductsPageTest" name="validatePageTitle" time="0.044"/>
  <system-out/>
</testsuite> <!-- com.swaglabs.qa.tests.ProductsPageTest -->
